//-------------------------- 7/3/2011 -- 14:40:51 -----
Loading compiled script common/main.cs.
Loading compiled script common/presets.cs.
*** Activating common package ***
Loading compiled script control/main.cs.
--------- Loading Add-ons ---------
Engine initialization complete.

--------- Initializing module: Common ---------
Loading compiled script common/client/canvas.cs.
Loading compiled script common/client/audio.cs.

--------- Initializing control module ---------
Loading compiled script control/initialize.cs.

--------- Initializing module: emaga server ---------
Loading compiled script common/server/audio.cs.
Loading compiled script common/server/server.cs.
Loading compiled script common/server/message.cs.
Loading compiled script common/server/commands.cs.
Loading compiled script common/server/missionInfo.cs.
Loading compiled script common/server/missionLoad.cs.
Loading compiled script common/server/missionDownload.cs.
Loading compiled script common/server/clientConnection.cs.
Loading compiled script common/server/game.cs.
Loading compiled script control/server.cs.
Loading compiled script control/player.cs.
*** LOADING MISSION: control/data/maps/book_ch4.mis
*** Stage 1 load
*** Stage 2 load
Executing control/data/maps/book_ch4.mis.
*** Mission loaded

--------- Initializing module: emaga client ---------
Loading compiled script common/client/message.cs.
Loading compiled script common/client/mission.cs.
Loading compiled script common/client/missionDownload.cs.
Loading compiled script common/client/actionMap.cs.
Loading compiled script common/editor/editor.cs.
Video Init:
   Accelerated OpenGL display device detected.
   Accelerated D3D device detected.
   Voodoo 2 display device not detected.

Activating the OpenGL display device...
Activating the OpenGL display device...
Setting screen mode to 800x600x32 (w)...
Creating a new window...
Acquiring a new device context...
Pixel format set:
  32 color bits, 24 depth bits, 8 stencil bits
Creating a new rendering context...
Making the new rendering context current...
OpenGL driver information:
  Vendor: Intel
  Renderer: Intel(R) HD Graphics
  Version: 2.1.0 - Build 8.15.10.2202
OpenGL Init: Enabled Extensions
  ARB_multitexture (Max Texture Units: 8)
  EXT_compiled_vertex_array
  EXT_texture_env_combine
  EXT_packed_pixels
  EXT_fog_coord
  ARB_texture_compression
  EXT_texture_compression_s3tc
  3DFX_texture_compression_FXT1
  (ARB|EXT)_texture_env_add
  EXT_texture_filter_anisotropic (Max anisotropy: 2.000000)
OpenGL Init: Disabled Extensions
  EXT_paletted_texture
  NV_vertex_array_range
  WGL_EXT_swap_control
  NPatch tessellation

Loading compiled script common/ui/defaultProfiles.cs.
Loading compiled script common/ui/GuiEditorGui.gui.
Loading compiled script common/ui/ConsoleDlg.gui.
Loading compiled script common/ui/InspectDlg.gui.
Loading compiled script common/ui/InspectAddFieldDlg.gui.
Loading compiled script common/ui/LoadFileDlg.gui.
Loading compiled script common/ui/SaveFileDlg.gui.
Loading compiled script common/ui/MessageBoxOkDlg.gui.
Loading compiled script common/ui/MessageBoxYesNoDlg.gui.
Loading compiled script common/ui/MessageBoxOKCancelDlg.gui.
Loading compiled script common/ui/MessagePopupDlg.gui.
Loading compiled script common/ui/HelpDlg.gui.
Loading compiled script common/ui/RecordingsDlg.gui.
Loading compiled script common/client/metrics.cs.
Loading compiled script common/ui/FrameOverlayGui.gui.
Loading compiled script common/client/messageBox.cs.
Loading compiled script common/client/screenshot.cs.
Loading compiled script common/client/cursor.cs.
Loading compiled script common/client/help.cs.
Loading compiled script common/client/recordings.cs.

OpenAL Driver Init:

Loading compiled script control/client.cs.
Connect request from: 
Connection established 1206
CADD: 1207 local
*** Sending mission load to client: control/data/maps/book_ch4.mis
Mapping string: ServerMessage to index: 0
Mapping string: MsgConnectionError to index: 1
Mapping string: MsgLoadInfo to index: 2
Mapping string: MsgLoadDescripition to index: 3
Mapping string: MsgLoadInfoDone to index: 4
Mapping string: MsgClientJoin to index: 5
Mapping string: Welcome to Emaga4 %1. to index: 6
Mapping string: Poser to index: 7
Mapping string: MissiOnStartPhase1 to index: 8
*** New Mission: control/data/maps/book_ch4.mis
*** Phase 1: Download Datablocks & Targets
Mapping string: MissionStartPhase1Ack to index: 0
Mapping string: MissiOnStartPhase2 to index: 9
*** Phase 2: Download Ghost Objects
Mapping string: MissionStartPhase2Ack to index: 1
Ghost Always objects received.
Mapping string: MissiOnStartPhase3 to index: 10
Client Replication Startup has Happened!
fxFoliageReplicator - Client Foliage Replication Startup is complete.
*** Phase 3: Mission Lighting
 Successfully loaded mission lighting file: 'control/data/maps/book_ch4_c1eb4cc2.ml'
Mission lighting done
Mapping string: MissionStartPhase3Ack to index: 2
Mapping string: MissionStart to index: 11
Could not locate texture: special/cloakTexture
Could not register dust emitter for class: MaleAvatar
Could not register dust emitter for class: MaleAvatar
Could not register dust emitter for class: MaleAvatar
Setting Initial Control Object
Activating DirectInput...
keyboard0 input device acquired.
CDROP: 1207 IPX:00000000:000000000000:0
Shutting down the OpenGL display device...
Making the GL rendering context not current...
Deleting the GL rendering context...
Releasing the device context...
keyboard0 input device unacquired.
